# JRE version: OpenJDK Runtime Environment Temurin-17.0.10+7 (17.0.10+7) (build 17.0.10+7)
# Java VM: OpenJDK 64-Bit Server VM Temurin-17.0.10+7 (17.0.10+7, mixed mode, emulated-client, tiered, compressed oops, compressed class ptrs, g1 gc, windows-amd64)
GC Precious Log:
 CPUs: 8 total, 8 available
 Memory: 7959M
 Large Page Support: Disabled
 NUMA Support: Disabled
 Compressed Oops: Enabled (32-bit)
 Heap Region Size: 1M
 Heap Min Capacity: 8M
 Heap Initial Capacity: 126M
 Heap Max Capacity: 1G
 Pre-touch: Disabled
 Parallel Workers: 8
 Concurrent Workers: 2
 Concurrent Refinement Workers: 8
 Periodic GC: Disabled
Heap:
 garbage-first heap   total 94208K, used 38298K [0x00000000c0000000, 0x0000000100000000)
  region size 1024K, 1 young (1024K), 0 survivors (0K)
 Metaspace       used 59283K, committed 59712K, reserved 1114112K
  class space    used 7395K, committed 7552K, reserved 1048576K
GC Heap History (20 events):
Event: 7957.817 GC heap before
{Heap before GC invocations=393 (full 339):
 garbage-first heap   total 94208K, used 38298K [0x00000000c0000000, 0x0000000100000000)
  region size 1024K, 1 young (1024K), 0 survivors (0K)
 Metaspace       used 59283K, committed 59712K, reserved 1114112K
  class space    used 7395K, committed 7552K, reserved 1048576K
}
Event: 7957.867 GC heap after
{Heap after GC invocations=394 (full 340):
 garbage-first heap   total 94208K, used 38298K [0x00000000c0000000, 0x0000000100000000)
  region size 1024K, 0 young (0K), 0 survivors (0K)
 Metaspace       used 59283K, committed 59712K, reserved 1114112K
  class space    used 7395K, committed 7552K, reserved 1048576K
}
Event: 7970.431 GC heap before
{Heap before GC invocations=394 (full 340):
 garbage-first heap   total 94208K, used 38298K [0x00000000c0000000, 0x0000000100000000)
  region size 1024K, 1 young (1024K), 0 survivors (0K)
 Metaspace       used 59283K, committed 59712K, reserved 1114112K
  class space    used 7395K, committed 7552K, reserved 1048576K
}
Event: 7970.498 GC heap after
{Heap after GC invocations=395 (full 341):
 garbage-first heap   total 94208K, used 38298K [0x00000000c0000000, 0x0000000100000000)
  region size 1024K, 0 young (0K), 0 survivors (0K)
 Metaspace       used 59283K, committed 59712K, reserved 1114112K
  class space    used 7395K, committed 7552K, reserved 1048576K
}
Event: 7981.072 GC heap before
{Heap before GC invocations=395 (full 341):
 garbage-first heap   total 94208K, used 38298K [0x00000000c0000000, 0x0000000100000000)
  region size 1024K, 1 young (1024K), 0 survivors (0K)
 Metaspace       used 59283K, committed 59712K, reserved 1114112K
  class space    used 7395K, committed 7552K, reserved 1048576K
}
Event: 7981.123 GC heap after
{Heap after GC invocations=396 (full 342):
 garbage-first heap   total 94208K, used 38298K [0x00000000c0000000, 0x0000000100000000)
  region size 1024K, 0 young (0K), 0 survivors (0K)
 Metaspace       used 59283K, committed 59712K, reserved 1114112K
  class space    used 7395K, committed 7552K, reserved 1048576K
}
Event: 7993.858 GC heap before
{Heap before GC invocations=396 (full 342):
 garbage-first heap   total 94208K, used 38298K [0x00000000c0000000, 0x0000000100000000)
  region size 1024K, 1 young (1024K), 0 survivors (0K)
 Metaspace       used 59283K, committed 59712K, reserved 1114112K
  class space    used 7395K, committed 7552K, reserved 1048576K
}
Event: 7993.940 GC heap after
{Heap after GC invocations=397 (full 343):
 garbage-first heap   total 94208K, used 38298K [0x00000000c0000000, 0x0000000100000000)
  region size 1024K, 0 young (0K), 0 survivors (0K)
 Metaspace       used 59283K, committed 59712K, reserved 1114112K
  class space    used 7395K, committed 7552K, reserved 1048576K
}
Event: 8007.781 GC heap before
{Heap before GC invocations=397 (full 343):
 garbage-first heap   total 94208K, used 38298K [0x00000000c0000000, 0x0000000100000000)
  region size 1024K, 1 young (1024K), 0 survivors (0K)
 Metaspace       used 59283K, committed 59712K, reserved 1114112K
  class space    used 7395K, committed 7552K, reserved 1048576K
}
Event: 8007.839 GC heap after
{Heap after GC invocations=398 (full 344):
 garbage-first heap   total 94208K, used 38298K [0x00000000c0000000, 0x0000000100000000)
  region size 1024K, 0 young (0K), 0 survivors (0K)
 Metaspace       used 59283K, committed 59712K, reserved 1114112K
  class space    used 7395K, committed 7552K, reserved 1048576K
}
Event: 8019.486 GC heap before
{Heap before GC invocations=398 (full 344):
 garbage-first heap   total 94208K, used 38298K [0x00000000c0000000, 0x0000000100000000)
  region size 1024K, 1 young (1024K), 0 survivors (0K)
 Metaspace       used 59283K, committed 59712K, reserved 1114112K
  class space    used 7395K, committed 7552K, reserved 1048576K
}
Event: 8019.547 GC heap after
{Heap after GC invocations=399 (full 345):
 garbage-first heap   total 94208K, used 38298K [0x00000000c0000000, 0x0000000100000000)
  region size 1024K, 0 young (0K), 0 survivors (0K)
 Metaspace       used 59283K, committed 59712K, reserved 1114112K
  class space    used 7395K, committed 7552K, reserved 1048576K
}
Event: 8034.369 GC heap before
{Heap before GC invocations=399 (full 345):
 garbage-first heap   total 94208K, used 38298K [0x00000000c0000000, 0x0000000100000000)
  region size 1024K, 1 young (1024K), 0 survivors (0K)
 Metaspace       used 59283K, committed 59712K, reserved 1114112K
  class space    used 7395K, committed 7552K, reserved 1048576K
}
Event: 8034.440 GC heap after
{Heap after GC invocations=400 (full 346):
 garbage-first heap   total 94208K, used 38298K [0x00000000c0000000, 0x0000000100000000)
  region size 1024K, 0 young (0K), 0 survivors (0K)
 Metaspace       used 59283K, committed 59712K, reserved 1114112K
  class space    used 7395K, committed 7552K, reserved 1048576K
}
Event: 8048.426 GC heap before
{Heap before GC invocations=400 (full 346):
 garbage-first heap   total 94208K, used 38298K [0x00000000c0000000, 0x0000000100000000)
  region size 1024K, 1 young (1024K), 0 survivors (0K)
 Metaspace       used 59283K, committed 59712K, reserved 1114112K
  class space    used 7395K, committed 7552K, reserved 1048576K
}
Event: 8048.504 GC heap after
{Heap after GC invocations=401 (full 347):
 garbage-first heap   total 94208K, used 38298K [0x00000000c0000000, 0x0000000100000000)
  region size 1024K, 0 young (0K), 0 survivors (0K)
 Metaspace       used 59283K, committed 59712K, reserved 1114112K
  class space    used 7395K, committed 7552K, reserved 1048576K
}
Event: 8064.219 GC heap before
{Heap before GC invocations=401 (full 347):
 garbage-first heap   total 94208K, used 38298K [0x00000000c0000000, 0x0000000100000000)
  region size 1024K, 1 young (1024K), 0 survivors (0K)
 Metaspace       used 59283K, committed 59712K, reserved 1114112K
  class space    used 7395K, committed 7552K, reserved 1048576K
}
Event: 8064.281 GC heap after
{Heap after GC invocations=402 (full 348):
 garbage-first heap   total 94208K, used 38298K [0x00000000c0000000, 0x0000000100000000)
  region size 1024K, 0 young (0K), 0 survivors (0K)
 Metaspace       used 59283K, committed 59712K, reserved 1114112K
  class space    used 7395K, committed 7552K, reserved 1048576K
}
Event: 8075.257 GC heap before
{Heap before GC invocations=402 (full 348):
 garbage-first heap   total 94208K, used 38298K [0x00000000c0000000, 0x0000000100000000)
  region size 1024K, 1 young (1024K), 0 survivors (0K)
 Metaspace       used 59283K, committed 59712K, reserved 1114112K
  class space    used 7395K, committed 7552K, reserved 1048576K
}
Event: 8075.323 GC heap after
{Heap after GC invocations=403 (full 349):
 garbage-first heap   total 94208K, used 38298K [0x00000000c0000000, 0x0000000100000000)
  region size 1024K, 0 young (0K), 0 survivors (0K)
 Metaspace       used 59283K, committed 59712K, reserved 1114112K
  class space    used 7395K, committed 7552K, reserved 1048576K
}

