# JRE version: OpenJDK Runtime Environment Temurin-17.0.10+7 (17.0.10+7) (build 17.0.10+7)
# Java VM: OpenJDK 64-Bit Server VM Temurin-17.0.10+7 (17.0.10+7, mixed mode, emulated-client, tiered, compressed oops, compressed class ptrs, g1 gc, windows-amd64)
GC Precious Log:
 CPUs: 8 total, 8 available
 Memory: 7959M
 Large Page Support: Disabled
 NUMA Support: Disabled
 Compressed Oops: Enabled (32-bit)
 Heap Region Size: 1M
 Heap Min Capacity: 8M
 Heap Initial Capacity: 126M
 Heap Max Capacity: 1G
 Pre-touch: Disabled
 Parallel Workers: 8
 Concurrent Workers: 2
 Concurrent Refinement Workers: 8
 Periodic GC: Disabled
Heap:
 garbage-first heap   total 81920K, used 24121K [0x00000000c0000000, 0x0000000100000000)
  region size 1024K, 1 young (1024K), 0 survivors (0K)
 Metaspace       used 38828K, committed 39424K, reserved 1114112K
  class space    used 5119K, committed 5376K, reserved 1048576K
GC Heap History (20 events):
Event: 326.927 GC heap before
{Heap before GC invocations=32 (full 23):
 garbage-first heap   total 81920K, used 24121K [0x00000000c0000000, 0x0000000100000000)
  region size 1024K, 1 young (1024K), 0 survivors (0K)
 Metaspace       used 38828K, committed 39424K, reserved 1114112K
  class space    used 5119K, committed 5376K, reserved 1048576K
}
Event: 326.955 GC heap after
{Heap after GC invocations=33 (full 24):
 garbage-first heap   total 81920K, used 24121K [0x00000000c0000000, 0x0000000100000000)
  region size 1024K, 0 young (0K), 0 survivors (0K)
 Metaspace       used 38828K, committed 39424K, reserved 1114112K
  class space    used 5119K, committed 5376K, reserved 1048576K
}
Event: 340.764 GC heap before
{Heap before GC invocations=33 (full 24):
 garbage-first heap   total 81920K, used 24121K [0x00000000c0000000, 0x0000000100000000)
  region size 1024K, 1 young (1024K), 0 survivors (0K)
 Metaspace       used 38828K, committed 39424K, reserved 1114112K
  class space    used 5119K, committed 5376K, reserved 1048576K
}
Event: 340.829 GC heap after
{Heap after GC invocations=34 (full 25):
 garbage-first heap   total 81920K, used 24121K [0x00000000c0000000, 0x0000000100000000)
  region size 1024K, 0 young (0K), 0 survivors (0K)
 Metaspace       used 38828K, committed 39424K, reserved 1114112K
  class space    used 5119K, committed 5376K, reserved 1048576K
}
Event: 352.175 GC heap before
{Heap before GC invocations=34 (full 25):
 garbage-first heap   total 81920K, used 24121K [0x00000000c0000000, 0x0000000100000000)
  region size 1024K, 1 young (1024K), 0 survivors (0K)
 Metaspace       used 38828K, committed 39424K, reserved 1114112K
  class space    used 5119K, committed 5376K, reserved 1048576K
}
Event: 352.217 GC heap after
{Heap after GC invocations=35 (full 26):
 garbage-first heap   total 81920K, used 24121K [0x00000000c0000000, 0x0000000100000000)
  region size 1024K, 0 young (0K), 0 survivors (0K)
 Metaspace       used 38828K, committed 39424K, reserved 1114112K
  class space    used 5119K, committed 5376K, reserved 1048576K
}
Event: 362.993 GC heap before
{Heap before GC invocations=35 (full 26):
 garbage-first heap   total 81920K, used 24121K [0x00000000c0000000, 0x0000000100000000)
  region size 1024K, 1 young (1024K), 0 survivors (0K)
 Metaspace       used 38828K, committed 39424K, reserved 1114112K
  class space    used 5119K, committed 5376K, reserved 1048576K
}
Event: 363.028 GC heap after
{Heap after GC invocations=36 (full 27):
 garbage-first heap   total 81920K, used 24121K [0x00000000c0000000, 0x0000000100000000)
  region size 1024K, 0 young (0K), 0 survivors (0K)
 Metaspace       used 38828K, committed 39424K, reserved 1114112K
  class space    used 5119K, committed 5376K, reserved 1048576K
}
Event: 376.156 GC heap before
{Heap before GC invocations=36 (full 27):
 garbage-first heap   total 81920K, used 24121K [0x00000000c0000000, 0x0000000100000000)
  region size 1024K, 1 young (1024K), 0 survivors (0K)
 Metaspace       used 38828K, committed 39424K, reserved 1114112K
  class space    used 5119K, committed 5376K, reserved 1048576K
}
Event: 376.218 GC heap after
{Heap after GC invocations=37 (full 28):
 garbage-first heap   total 81920K, used 24121K [0x00000000c0000000, 0x0000000100000000)
  region size 1024K, 0 young (0K), 0 survivors (0K)
 Metaspace       used 38828K, committed 39424K, reserved 1114112K
  class space    used 5119K, committed 5376K, reserved 1048576K
}
Event: 387.402 GC heap before
{Heap before GC invocations=37 (full 28):
 garbage-first heap   total 81920K, used 24121K [0x00000000c0000000, 0x0000000100000000)
  region size 1024K, 1 young (1024K), 0 survivors (0K)
 Metaspace       used 38828K, committed 39424K, reserved 1114112K
  class space    used 5119K, committed 5376K, reserved 1048576K
}
Event: 387.437 GC heap after
{Heap after GC invocations=38 (full 29):
 garbage-first heap   total 81920K, used 24121K [0x00000000c0000000, 0x0000000100000000)
  region size 1024K, 0 young (0K), 0 survivors (0K)
 Metaspace       used 38828K, committed 39424K, reserved 1114112K
  class space    used 5119K, committed 5376K, reserved 1048576K
}
Event: 400.983 GC heap before
{Heap before GC invocations=38 (full 29):
 garbage-first heap   total 81920K, used 24121K [0x00000000c0000000, 0x0000000100000000)
  region size 1024K, 1 young (1024K), 0 survivors (0K)
 Metaspace       used 38828K, committed 39424K, reserved 1114112K
  class space    used 5119K, committed 5376K, reserved 1048576K
}
Event: 401.018 GC heap after
{Heap after GC invocations=39 (full 30):
 garbage-first heap   total 81920K, used 24121K [0x00000000c0000000, 0x0000000100000000)
  region size 1024K, 0 young (0K), 0 survivors (0K)
 Metaspace       used 38828K, committed 39424K, reserved 1114112K
  class space    used 5119K, committed 5376K, reserved 1048576K
}
Event: 415.435 GC heap before
{Heap before GC invocations=39 (full 30):
 garbage-first heap   total 81920K, used 24121K [0x00000000c0000000, 0x0000000100000000)
  region size 1024K, 1 young (1024K), 0 survivors (0K)
 Metaspace       used 38828K, committed 39424K, reserved 1114112K
  class space    used 5119K, committed 5376K, reserved 1048576K
}
Event: 415.503 GC heap after
{Heap after GC invocations=40 (full 31):
 garbage-first heap   total 81920K, used 24121K [0x00000000c0000000, 0x0000000100000000)
  region size 1024K, 0 young (0K), 0 survivors (0K)
 Metaspace       used 38828K, committed 39424K, reserved 1114112K
  class space    used 5119K, committed 5376K, reserved 1048576K
}
Event: 430.073 GC heap before
{Heap before GC invocations=40 (full 31):
 garbage-first heap   total 81920K, used 24121K [0x00000000c0000000, 0x0000000100000000)
  region size 1024K, 1 young (1024K), 0 survivors (0K)
 Metaspace       used 38828K, committed 39424K, reserved 1114112K
  class space    used 5119K, committed 5376K, reserved 1048576K
}
Event: 430.108 GC heap after
{Heap after GC invocations=41 (full 32):
 garbage-first heap   total 81920K, used 24121K [0x00000000c0000000, 0x0000000100000000)
  region size 1024K, 0 young (0K), 0 survivors (0K)
 Metaspace       used 38828K, committed 39424K, reserved 1114112K
  class space    used 5119K, committed 5376K, reserved 1048576K
}
Event: 442.001 GC heap before
{Heap before GC invocations=41 (full 32):
 garbage-first heap   total 81920K, used 24121K [0x00000000c0000000, 0x0000000100000000)
  region size 1024K, 1 young (1024K), 0 survivors (0K)
 Metaspace       used 38828K, committed 39424K, reserved 1114112K
  class space    used 5119K, committed 5376K, reserved 1048576K
}
Event: 442.036 GC heap after
{Heap after GC invocations=42 (full 33):
 garbage-first heap   total 81920K, used 24121K [0x00000000c0000000, 0x0000000100000000)
  region size 1024K, 0 young (0K), 0 survivors (0K)
 Metaspace       used 38828K, committed 39424K, reserved 1114112K
  class space    used 5119K, committed 5376K, reserved 1048576K
}

